DEB [20180815-16:34:48.687] thr=1   paramiko.transport: starting thread (client mode): 0x2748518L
DEB [20180815-16:34:48.688] thr=1   paramiko.transport: Local version/idstring: SSH-2.0-paramiko_2.4.1
DEB [20180815-16:34:48.701] thr=1   paramiko.transport: Remote version/idstring: SSH-2.0-Hello 
INF [20180815-16:34:48.703] thr=1   paramiko.transport: Connected (version 2.0, client Hello)
DEB [20180815-16:34:48.711] thr=1   paramiko.transport: kex algos:[u'curve25519-sha256@libssh.org', u'ecdh-sha2-nistp256', u'ecdh-sha2-nistp384', u'diffie-hellman-group-exchange-sha256', u'diffie-hellman-group14-sha1'] server key:[u'ssh-rsa', u'ssh-dss', u'ecdsa-sha2-nistp256', u'ssh-ed25519'] client encrypt:[u'aes128-ctr', u'aes192-ctr', u'aes256-ctr', u'aes128-gcm@openssh.com', u'aes256-gcm@openssh.com', u'chacha20-poly1305@openssh.com'] server encrypt:[u'aes128-ctr', u'aes192-ctr', u'aes256-ctr', u'aes128-gcm@openssh.com', u'aes256-gcm@openssh.com', u'chacha20-poly1305@openssh.com'] client mac:[u'umac-64-etm@openssh.com', u'umac-128-etm@openssh.com', u'hmac-sha2-256-etm@openssh.com', u'hmac-sha2-512-etm@openssh.com', u'hmac-sha1-etm@openssh.com', u'umac-64@openssh.com', u'umac-128@openssh.com', u'hmac-sha2-256', u'hmac-sha2-512', u'hmac-sha1'] server mac:[u'umac-64-etm@openssh.com', u'umac-128-etm@openssh.com', u'hmac-sha2-256-etm@openssh.com', u'hmac-sha2-512-etm@openssh.com', u'hmac-sha1-etm@openssh.com', u'umac-64@openssh.com', u'umac-128@openssh.com', u'hmac-sha2-256', u'hmac-sha2-512', u'hmac-sha1'] client compress:[u'none', u'zlib@openssh.com'] server compress:[u'none', u'zlib@openssh.com'] client lang:[u''] server lang:[u''] kex follows?False
DEB [20180815-16:34:48.711] thr=1   paramiko.transport: Kex agreed: ecdh-sha2-nistp256
DEB [20180815-16:34:48.711] thr=1   paramiko.transport: HostKey agreed: ssh-ed25519
DEB [20180815-16:34:48.711] thr=1   paramiko.transport: Cipher agreed: aes128-ctr
DEB [20180815-16:34:48.711] thr=1   paramiko.transport: MAC agreed: hmac-sha2-256
DEB [20180815-16:34:48.711] thr=1   paramiko.transport: Compression agreed: none
DEB [20180815-16:34:49.086] thr=1   paramiko.transport: kex engine KexNistp256 specified hash_algo <built-in function openssl_sha256>
DEB [20180815-16:34:49.086] thr=1   paramiko.transport: Switch to new keys ...
DEB [20180815-16:34:49.108] thr=2   paramiko.transport: Rejecting ssh-ed25519 host key for 10.223.76.179: af72f61751babc7c7cb207d1c938b994
DEB [20180815-16:34:49.187] thr=1   paramiko.transport: EOF in transport thread
DEB [20180815-16:35:13.250] thr=1   paramiko.transport: starting thread (client mode): 0x27994e0L
DEB [20180815-16:35:13.250] thr=1   paramiko.transport: Local version/idstring: SSH-2.0-paramiko_2.4.1
DEB [20180815-16:35:13.262] thr=1   paramiko.transport: Remote version/idstring: SSH-2.0-Hello 
INF [20180815-16:35:13.262] thr=1   paramiko.transport: Connected (version 2.0, client Hello)
DEB [20180815-16:35:13.273] thr=1   paramiko.transport: kex algos:[u'curve25519-sha256@libssh.org', u'ecdh-sha2-nistp256', u'ecdh-sha2-nistp384', u'diffie-hellman-group-exchange-sha256', u'diffie-hellman-group14-sha1'] server key:[u'ssh-rsa', u'ssh-dss', u'ecdsa-sha2-nistp256', u'ssh-ed25519'] client encrypt:[u'aes128-ctr', u'aes192-ctr', u'aes256-ctr', u'aes128-gcm@openssh.com', u'aes256-gcm@openssh.com', u'chacha20-poly1305@openssh.com'] server encrypt:[u'aes128-ctr', u'aes192-ctr', u'aes256-ctr', u'aes128-gcm@openssh.com', u'aes256-gcm@openssh.com', u'chacha20-poly1305@openssh.com'] client mac:[u'umac-64-etm@openssh.com', u'umac-128-etm@openssh.com', u'hmac-sha2-256-etm@openssh.com', u'hmac-sha2-512-etm@openssh.com', u'hmac-sha1-etm@openssh.com', u'umac-64@openssh.com', u'umac-128@openssh.com', u'hmac-sha2-256', u'hmac-sha2-512', u'hmac-sha1'] server mac:[u'umac-64-etm@openssh.com', u'umac-128-etm@openssh.com', u'hmac-sha2-256-etm@openssh.com', u'hmac-sha2-512-etm@openssh.com', u'hmac-sha1-etm@openssh.com', u'umac-64@openssh.com', u'umac-128@openssh.com', u'hmac-sha2-256', u'hmac-sha2-512', u'hmac-sha1'] client compress:[u'none', u'zlib@openssh.com'] server compress:[u'none', u'zlib@openssh.com'] client lang:[u''] server lang:[u''] kex follows?False
DEB [20180815-16:35:13.275] thr=1   paramiko.transport: Kex agreed: ecdh-sha2-nistp256
DEB [20180815-16:35:13.275] thr=1   paramiko.transport: HostKey agreed: ssh-ed25519
DEB [20180815-16:35:13.275] thr=1   paramiko.transport: Cipher agreed: aes128-ctr
DEB [20180815-16:35:13.275] thr=1   paramiko.transport: MAC agreed: hmac-sha2-256
DEB [20180815-16:35:13.275] thr=1   paramiko.transport: Compression agreed: none
DEB [20180815-16:35:13.345] thr=1   paramiko.transport: kex engine KexNistp256 specified hash_algo <built-in function openssl_sha256>
DEB [20180815-16:35:13.345] thr=1   paramiko.transport: Switch to new keys ...
DEB [20180815-16:35:13.348] thr=2   paramiko.transport: Rejecting ssh-ed25519 host key for 10.223.76.179: af72f61751babc7c7cb207d1c938b994
DEB [20180815-16:35:13.446] thr=1   paramiko.transport: EOF in transport thread
DEB [20180815-17:03:13.227] thr=1   paramiko.transport: starting thread (client mode): 0x27494a8L
DEB [20180815-17:03:13.227] thr=1   paramiko.transport: Local version/idstring: SSH-2.0-paramiko_2.4.1
DEB [20180815-17:03:13.243] thr=1   paramiko.transport: Remote version/idstring: SSH-2.0-Hello 
INF [20180815-17:03:13.243] thr=1   paramiko.transport: Connected (version 2.0, client Hello)
DEB [20180815-17:03:13.257] thr=1   paramiko.transport: kex algos:[u'curve25519-sha256@libssh.org', u'ecdh-sha2-nistp256', u'ecdh-sha2-nistp384', u'diffie-hellman-group-exchange-sha256', u'diffie-hellman-group14-sha1'] server key:[u'ssh-rsa', u'ssh-dss', u'ecdsa-sha2-nistp256', u'ssh-ed25519'] client encrypt:[u'aes128-ctr', u'aes192-ctr', u'aes256-ctr', u'aes128-gcm@openssh.com', u'aes256-gcm@openssh.com', u'chacha20-poly1305@openssh.com'] server encrypt:[u'aes128-ctr', u'aes192-ctr', u'aes256-ctr', u'aes128-gcm@openssh.com', u'aes256-gcm@openssh.com', u'chacha20-poly1305@openssh.com'] client mac:[u'umac-64-etm@openssh.com', u'umac-128-etm@openssh.com', u'hmac-sha2-256-etm@openssh.com', u'hmac-sha2-512-etm@openssh.com', u'hmac-sha1-etm@openssh.com', u'umac-64@openssh.com', u'umac-128@openssh.com', u'hmac-sha2-256', u'hmac-sha2-512', u'hmac-sha1'] server mac:[u'umac-64-etm@openssh.com', u'umac-128-etm@openssh.com', u'hmac-sha2-256-etm@openssh.com', u'hmac-sha2-512-etm@openssh.com', u'hmac-sha1-etm@openssh.com', u'umac-64@openssh.com', u'umac-128@openssh.com', u'hmac-sha2-256', u'hmac-sha2-512', u'hmac-sha1'] client compress:[u'none', u'zlib@openssh.com'] server compress:[u'none', u'zlib@openssh.com'] client lang:[u''] server lang:[u''] kex follows?False
DEB [20180815-17:03:13.257] thr=1   paramiko.transport: Kex agreed: ecdh-sha2-nistp256
DEB [20180815-17:03:13.257] thr=1   paramiko.transport: HostKey agreed: ssh-ed25519
DEB [20180815-17:03:13.257] thr=1   paramiko.transport: Cipher agreed: aes128-ctr
DEB [20180815-17:03:13.257] thr=1   paramiko.transport: MAC agreed: hmac-sha2-256
DEB [20180815-17:03:13.257] thr=1   paramiko.transport: Compression agreed: none
DEB [20180815-17:03:13.325] thr=1   paramiko.transport: kex engine KexNistp256 specified hash_algo <built-in function openssl_sha256>
DEB [20180815-17:03:13.325] thr=1   paramiko.transport: Switch to new keys ...
DEB [20180815-17:03:13.326] thr=2   paramiko.transport: Adding ssh-ed25519 host key for 10.223.76.179: af72f61751babc7c7cb207d1c938b994
DEB [20180815-17:03:13.401] thr=1   paramiko.transport: userauth is OK
INF [20180815-17:03:13.415] thr=1   paramiko.transport: Authentication (password) successful!
DEB [20180815-17:03:13.420] thr=2   paramiko.transport: [chan 0] Max packet in: 32768 bytes
DEB [20180815-17:03:13.430] thr=1   paramiko.transport: [chan 0] Max packet out: 32768 bytes
DEB [20180815-17:03:13.431] thr=1   paramiko.transport: Secsh channel 0 opened.
DEB [20180815-17:03:13.446] thr=1   paramiko.transport: [chan 0] Sesch channel 0 request ok
DEB [20180815-17:03:13.476] thr=1   paramiko.transport: [chan 0] EOF received (0)
DEB [20180815-17:03:30.776] thr=1   paramiko.transport: starting thread (client mode): 0x28694a8L
DEB [20180815-17:03:30.776] thr=1   paramiko.transport: Local version/idstring: SSH-2.0-paramiko_2.4.1
DEB [20180815-17:03:30.788] thr=1   paramiko.transport: Remote version/idstring: SSH-2.0-Hello 
INF [20180815-17:03:30.788] thr=1   paramiko.transport: Connected (version 2.0, client Hello)
DEB [20180815-17:03:30.796] thr=1   paramiko.transport: kex algos:[u'curve25519-sha256@libssh.org', u'ecdh-sha2-nistp256', u'ecdh-sha2-nistp384', u'diffie-hellman-group-exchange-sha256', u'diffie-hellman-group14-sha1'] server key:[u'ssh-rsa', u'ssh-dss', u'ecdsa-sha2-nistp256', u'ssh-ed25519'] client encrypt:[u'aes128-ctr', u'aes192-ctr', u'aes256-ctr', u'aes128-gcm@openssh.com', u'aes256-gcm@openssh.com', u'chacha20-poly1305@openssh.com'] server encrypt:[u'aes128-ctr', u'aes192-ctr', u'aes256-ctr', u'aes128-gcm@openssh.com', u'aes256-gcm@openssh.com', u'chacha20-poly1305@openssh.com'] client mac:[u'umac-64-etm@openssh.com', u'umac-128-etm@openssh.com', u'hmac-sha2-256-etm@openssh.com', u'hmac-sha2-512-etm@openssh.com', u'hmac-sha1-etm@openssh.com', u'umac-64@openssh.com', u'umac-128@openssh.com', u'hmac-sha2-256', u'hmac-sha2-512', u'hmac-sha1'] server mac:[u'umac-64-etm@openssh.com', u'umac-128-etm@openssh.com', u'hmac-sha2-256-etm@openssh.com', u'hmac-sha2-512-etm@openssh.com', u'hmac-sha1-etm@openssh.com', u'umac-64@openssh.com', u'umac-128@openssh.com', u'hmac-sha2-256', u'hmac-sha2-512', u'hmac-sha1'] client compress:[u'none', u'zlib@openssh.com'] server compress:[u'none', u'zlib@openssh.com'] client lang:[u''] server lang:[u''] kex follows?False
DEB [20180815-17:03:30.796] thr=1   paramiko.transport: Kex agreed: ecdh-sha2-nistp256
DEB [20180815-17:03:30.796] thr=1   paramiko.transport: HostKey agreed: ssh-ed25519
DEB [20180815-17:03:30.796] thr=1   paramiko.transport: Cipher agreed: aes128-ctr
DEB [20180815-17:03:30.796] thr=1   paramiko.transport: MAC agreed: hmac-sha2-256
DEB [20180815-17:03:30.796] thr=1   paramiko.transport: Compression agreed: none
DEB [20180815-17:03:30.868] thr=1   paramiko.transport: kex engine KexNistp256 specified hash_algo <built-in function openssl_sha256>
DEB [20180815-17:03:30.869] thr=1   paramiko.transport: Switch to new keys ...
DEB [20180815-17:03:30.875] thr=2   paramiko.transport: Adding ssh-ed25519 host key for 10.223.76.179: af72f61751babc7c7cb207d1c938b994
DEB [20180815-17:03:30.943] thr=1   paramiko.transport: userauth is OK
INF [20180815-17:03:30.982] thr=1   paramiko.transport: Authentication (password) successful!
DEB [20180815-17:03:30.989] thr=2   paramiko.transport: [chan 0] Max packet in: 32768 bytes
DEB [20180815-17:03:31.000] thr=1   paramiko.transport: [chan 0] Max packet out: 32768 bytes
DEB [20180815-17:03:31.000] thr=1   paramiko.transport: Secsh channel 0 opened.
DEB [20180815-17:03:31.019] thr=1   paramiko.transport: [chan 0] Sesch channel 0 request ok
DEB [20180815-17:03:31.046] thr=1   paramiko.transport: [chan 0] EOF received (0)
DEB [20180815-17:05:31.868] thr=1   paramiko.transport: starting thread (client mode): 0x26794a8L
DEB [20180815-17:05:31.869] thr=1   paramiko.transport: Local version/idstring: SSH-2.0-paramiko_2.4.1
DEB [20180815-17:05:31.881] thr=1   paramiko.transport: Remote version/idstring: SSH-2.0-Hello 
INF [20180815-17:05:31.882] thr=1   paramiko.transport: Connected (version 2.0, client Hello)
DEB [20180815-17:05:31.890] thr=1   paramiko.transport: kex algos:[u'curve25519-sha256@libssh.org', u'ecdh-sha2-nistp256', u'ecdh-sha2-nistp384', u'diffie-hellman-group-exchange-sha256', u'diffie-hellman-group14-sha1'] server key:[u'ssh-rsa', u'ssh-dss', u'ecdsa-sha2-nistp256', u'ssh-ed25519'] client encrypt:[u'aes128-ctr', u'aes192-ctr', u'aes256-ctr', u'aes128-gcm@openssh.com', u'aes256-gcm@openssh.com', u'chacha20-poly1305@openssh.com'] server encrypt:[u'aes128-ctr', u'aes192-ctr', u'aes256-ctr', u'aes128-gcm@openssh.com', u'aes256-gcm@openssh.com', u'chacha20-poly1305@openssh.com'] client mac:[u'umac-64-etm@openssh.com', u'umac-128-etm@openssh.com', u'hmac-sha2-256-etm@openssh.com', u'hmac-sha2-512-etm@openssh.com', u'hmac-sha1-etm@openssh.com', u'umac-64@openssh.com', u'umac-128@openssh.com', u'hmac-sha2-256', u'hmac-sha2-512', u'hmac-sha1'] server mac:[u'umac-64-etm@openssh.com', u'umac-128-etm@openssh.com', u'hmac-sha2-256-etm@openssh.com', u'hmac-sha2-512-etm@openssh.com', u'hmac-sha1-etm@openssh.com', u'umac-64@openssh.com', u'umac-128@openssh.com', u'hmac-sha2-256', u'hmac-sha2-512', u'hmac-sha1'] client compress:[u'none', u'zlib@openssh.com'] server compress:[u'none', u'zlib@openssh.com'] client lang:[u''] server lang:[u''] kex follows?False
DEB [20180815-17:05:31.891] thr=1   paramiko.transport: Kex agreed: ecdh-sha2-nistp256
DEB [20180815-17:05:31.891] thr=1   paramiko.transport: HostKey agreed: ssh-ed25519
DEB [20180815-17:05:31.891] thr=1   paramiko.transport: Cipher agreed: aes128-ctr
DEB [20180815-17:05:31.891] thr=1   paramiko.transport: MAC agreed: hmac-sha2-256
DEB [20180815-17:05:31.891] thr=1   paramiko.transport: Compression agreed: none
DEB [20180815-17:05:31.966] thr=1   paramiko.transport: kex engine KexNistp256 specified hash_algo <built-in function openssl_sha256>
DEB [20180815-17:05:31.967] thr=1   paramiko.transport: Switch to new keys ...
DEB [20180815-17:05:31.969] thr=2   paramiko.transport: Adding ssh-ed25519 host key for 10.223.76.179: af72f61751babc7c7cb207d1c938b994
DEB [20180815-17:05:32.015] thr=1   paramiko.transport: userauth is OK
INF [20180815-17:05:32.026] thr=1   paramiko.transport: Authentication (password) successful!
DEB [20180815-17:05:32.039] thr=2   paramiko.transport: [chan 0] Max packet in: 32768 bytes
DEB [20180815-17:05:32.048] thr=1   paramiko.transport: [chan 0] Max packet out: 32768 bytes
DEB [20180815-17:05:32.048] thr=1   paramiko.transport: Secsh channel 0 opened.
DEB [20180815-17:05:32.061] thr=1   paramiko.transport: [chan 0] Sesch channel 0 request ok
DEB [20180815-17:05:32.094] thr=1   paramiko.transport: [chan 0] EOF received (0)
DEB [20180815-17:06:02.792] thr=1   paramiko.transport: starting thread (client mode): 0x27994a8L
DEB [20180815-17:06:02.792] thr=1   paramiko.transport: Local version/idstring: SSH-2.0-paramiko_2.4.1
DEB [20180815-17:06:02.806] thr=1   paramiko.transport: Remote version/idstring: SSH-2.0-Hello 
INF [20180815-17:06:02.808] thr=1   paramiko.transport: Connected (version 2.0, client Hello)
DEB [20180815-17:06:02.822] thr=1   paramiko.transport: kex algos:[u'curve25519-sha256@libssh.org', u'ecdh-sha2-nistp256', u'ecdh-sha2-nistp384', u'diffie-hellman-group-exchange-sha256', u'diffie-hellman-group14-sha1'] server key:[u'ssh-rsa', u'ssh-dss', u'ecdsa-sha2-nistp256', u'ssh-ed25519'] client encrypt:[u'aes128-ctr', u'aes192-ctr', u'aes256-ctr', u'aes128-gcm@openssh.com', u'aes256-gcm@openssh.com', u'chacha20-poly1305@openssh.com'] server encrypt:[u'aes128-ctr', u'aes192-ctr', u'aes256-ctr', u'aes128-gcm@openssh.com', u'aes256-gcm@openssh.com', u'chacha20-poly1305@openssh.com'] client mac:[u'umac-64-etm@openssh.com', u'umac-128-etm@openssh.com', u'hmac-sha2-256-etm@openssh.com', u'hmac-sha2-512-etm@openssh.com', u'hmac-sha1-etm@openssh.com', u'umac-64@openssh.com', u'umac-128@openssh.com', u'hmac-sha2-256', u'hmac-sha2-512', u'hmac-sha1'] server mac:[u'umac-64-etm@openssh.com', u'umac-128-etm@openssh.com', u'hmac-sha2-256-etm@openssh.com', u'hmac-sha2-512-etm@openssh.com', u'hmac-sha1-etm@openssh.com', u'umac-64@openssh.com', u'umac-128@openssh.com', u'hmac-sha2-256', u'hmac-sha2-512', u'hmac-sha1'] client compress:[u'none', u'zlib@openssh.com'] server compress:[u'none', u'zlib@openssh.com'] client lang:[u''] server lang:[u''] kex follows?False
DEB [20180815-17:06:02.822] thr=1   paramiko.transport: Kex agreed: ecdh-sha2-nistp256
DEB [20180815-17:06:02.822] thr=1   paramiko.transport: HostKey agreed: ssh-ed25519
DEB [20180815-17:06:02.822] thr=1   paramiko.transport: Cipher agreed: aes128-ctr
DEB [20180815-17:06:02.822] thr=1   paramiko.transport: MAC agreed: hmac-sha2-256
DEB [20180815-17:06:02.823] thr=1   paramiko.transport: Compression agreed: none
DEB [20180815-17:06:02.897] thr=1   paramiko.transport: kex engine KexNistp256 specified hash_algo <built-in function openssl_sha256>
DEB [20180815-17:06:02.897] thr=1   paramiko.transport: Switch to new keys ...
DEB [20180815-17:06:02.898] thr=2   paramiko.transport: Adding ssh-ed25519 host key for 10.223.76.179: af72f61751babc7c7cb207d1c938b994
DEB [20180815-17:06:02.960] thr=1   paramiko.transport: userauth is OK
INF [20180815-17:06:02.986] thr=1   paramiko.transport: Authentication (password) successful!
DEB [20180815-17:06:03.006] thr=2   paramiko.transport: [chan 0] Max packet in: 32768 bytes
DEB [20180815-17:06:03.022] thr=1   paramiko.transport: [chan 0] Max packet out: 32768 bytes
DEB [20180815-17:06:03.022] thr=1   paramiko.transport: Secsh channel 0 opened.
DEB [20180815-17:06:03.046] thr=1   paramiko.transport: [chan 0] Sesch channel 0 request ok
DEB [20180815-17:06:03.095] thr=1   paramiko.transport: [chan 0] EOF received (0)
DEB [20180815-17:06:03.096] thr=1   paramiko.transport: [chan 0] EOF sent (0)
DEB [20180815-17:06:03.198] thr=1   paramiko.transport: EOF in transport thread
DEB [20180815-17:06:16.825] thr=1   paramiko.transport: starting thread (client mode): 0x27894a8L
DEB [20180815-17:06:16.825] thr=1   paramiko.transport: Local version/idstring: SSH-2.0-paramiko_2.4.1
DEB [20180815-17:06:16.835] thr=1   paramiko.transport: Remote version/idstring: SSH-2.0-Hello 
INF [20180815-17:06:16.835] thr=1   paramiko.transport: Connected (version 2.0, client Hello)
DEB [20180815-17:06:16.844] thr=1   paramiko.transport: kex algos:[u'curve25519-sha256@libssh.org', u'ecdh-sha2-nistp256', u'ecdh-sha2-nistp384', u'diffie-hellman-group-exchange-sha256', u'diffie-hellman-group14-sha1'] server key:[u'ssh-rsa', u'ssh-dss', u'ecdsa-sha2-nistp256', u'ssh-ed25519'] client encrypt:[u'aes128-ctr', u'aes192-ctr', u'aes256-ctr', u'aes128-gcm@openssh.com', u'aes256-gcm@openssh.com', u'chacha20-poly1305@openssh.com'] server encrypt:[u'aes128-ctr', u'aes192-ctr', u'aes256-ctr', u'aes128-gcm@openssh.com', u'aes256-gcm@openssh.com', u'chacha20-poly1305@openssh.com'] client mac:[u'umac-64-etm@openssh.com', u'umac-128-etm@openssh.com', u'hmac-sha2-256-etm@openssh.com', u'hmac-sha2-512-etm@openssh.com', u'hmac-sha1-etm@openssh.com', u'umac-64@openssh.com', u'umac-128@openssh.com', u'hmac-sha2-256', u'hmac-sha2-512', u'hmac-sha1'] server mac:[u'umac-64-etm@openssh.com', u'umac-128-etm@openssh.com', u'hmac-sha2-256-etm@openssh.com', u'hmac-sha2-512-etm@openssh.com', u'hmac-sha1-etm@openssh.com', u'umac-64@openssh.com', u'umac-128@openssh.com', u'hmac-sha2-256', u'hmac-sha2-512', u'hmac-sha1'] client compress:[u'none', u'zlib@openssh.com'] server compress:[u'none', u'zlib@openssh.com'] client lang:[u''] server lang:[u''] kex follows?False
DEB [20180815-17:06:16.844] thr=1   paramiko.transport: Kex agreed: ecdh-sha2-nistp256
DEB [20180815-17:06:16.845] thr=1   paramiko.transport: HostKey agreed: ssh-ed25519
DEB [20180815-17:06:16.845] thr=1   paramiko.transport: Cipher agreed: aes128-ctr
DEB [20180815-17:06:16.845] thr=1   paramiko.transport: MAC agreed: hmac-sha2-256
DEB [20180815-17:06:16.845] thr=1   paramiko.transport: Compression agreed: none
DEB [20180815-17:06:16.924] thr=1   paramiko.transport: kex engine KexNistp256 specified hash_algo <built-in function openssl_sha256>
DEB [20180815-17:06:16.924] thr=1   paramiko.transport: Switch to new keys ...
DEB [20180815-17:06:16.927] thr=2   paramiko.transport: Adding ssh-ed25519 host key for 10.223.76.179: af72f61751babc7c7cb207d1c938b994
DEB [20180815-17:06:16.973] thr=1   paramiko.transport: userauth is OK
INF [20180815-17:06:16.987] thr=1   paramiko.transport: Authentication (password) successful!
DEB [20180815-17:06:16.997] thr=2   paramiko.transport: [chan 0] Max packet in: 32768 bytes
DEB [20180815-17:06:17.006] thr=1   paramiko.transport: [chan 0] Max packet out: 32768 bytes
DEB [20180815-17:06:17.006] thr=1   paramiko.transport: Secsh channel 0 opened.
DEB [20180815-17:06:17.019] thr=1   paramiko.transport: [chan 0] Sesch channel 0 request ok
DEB [20180815-17:06:17.053] thr=1   paramiko.transport: [chan 0] EOF received (0)
DEB [20180815-17:09:57.006] thr=1   paramiko.transport: starting thread (client mode): 0x27e94a8L
DEB [20180815-17:09:57.007] thr=1   paramiko.transport: Local version/idstring: SSH-2.0-paramiko_2.4.1
DEB [20180815-17:09:57.019] thr=1   paramiko.transport: Remote version/idstring: SSH-2.0-Hello 
INF [20180815-17:09:57.020] thr=1   paramiko.transport: Connected (version 2.0, client Hello)
DEB [20180815-17:09:57.028] thr=1   paramiko.transport: kex algos:[u'curve25519-sha256@libssh.org', u'ecdh-sha2-nistp256', u'ecdh-sha2-nistp384', u'diffie-hellman-group-exchange-sha256', u'diffie-hellman-group14-sha1'] server key:[u'ssh-rsa', u'ssh-dss', u'ecdsa-sha2-nistp256', u'ssh-ed25519'] client encrypt:[u'aes128-ctr', u'aes192-ctr', u'aes256-ctr', u'aes128-gcm@openssh.com', u'aes256-gcm@openssh.com', u'chacha20-poly1305@openssh.com'] server encrypt:[u'aes128-ctr', u'aes192-ctr', u'aes256-ctr', u'aes128-gcm@openssh.com', u'aes256-gcm@openssh.com', u'chacha20-poly1305@openssh.com'] client mac:[u'umac-64-etm@openssh.com', u'umac-128-etm@openssh.com', u'hmac-sha2-256-etm@openssh.com', u'hmac-sha2-512-etm@openssh.com', u'hmac-sha1-etm@openssh.com', u'umac-64@openssh.com', u'umac-128@openssh.com', u'hmac-sha2-256', u'hmac-sha2-512', u'hmac-sha1'] server mac:[u'umac-64-etm@openssh.com', u'umac-128-etm@openssh.com', u'hmac-sha2-256-etm@openssh.com', u'hmac-sha2-512-etm@openssh.com', u'hmac-sha1-etm@openssh.com', u'umac-64@openssh.com', u'umac-128@openssh.com', u'hmac-sha2-256', u'hmac-sha2-512', u'hmac-sha1'] client compress:[u'none', u'zlib@openssh.com'] server compress:[u'none', u'zlib@openssh.com'] client lang:[u''] server lang:[u''] kex follows?False
DEB [20180815-17:09:57.028] thr=1   paramiko.transport: Kex agreed: ecdh-sha2-nistp256
DEB [20180815-17:09:57.029] thr=1   paramiko.transport: HostKey agreed: ssh-ed25519
DEB [20180815-17:09:57.029] thr=1   paramiko.transport: Cipher agreed: aes128-ctr
DEB [20180815-17:09:57.029] thr=1   paramiko.transport: MAC agreed: hmac-sha2-256
DEB [20180815-17:09:57.029] thr=1   paramiko.transport: Compression agreed: none
DEB [20180815-17:09:57.101] thr=1   paramiko.transport: kex engine KexNistp256 specified hash_algo <built-in function openssl_sha256>
DEB [20180815-17:09:57.101] thr=1   paramiko.transport: Switch to new keys ...
DEB [20180815-17:09:57.105] thr=2   paramiko.transport: Adding ssh-ed25519 host key for 10.223.76.179: af72f61751babc7c7cb207d1c938b994
DEB [20180815-17:09:57.148] thr=1   paramiko.transport: userauth is OK
INF [20180815-17:09:57.161] thr=1   paramiko.transport: Authentication (password) successful!
DEB [20180815-17:09:57.176] thr=2   paramiko.transport: [chan 0] Max packet in: 32768 bytes
DEB [20180815-17:09:57.181] thr=1   paramiko.transport: [chan 0] Max packet out: 32768 bytes
DEB [20180815-17:09:57.181] thr=1   paramiko.transport: Secsh channel 0 opened.
DEB [20180815-17:09:57.190] thr=1   paramiko.transport: [chan 0] Sesch channel 0 request ok
DEB [20180815-17:09:57.226] thr=1   paramiko.transport: [chan 0] EOF received (0)
DEB [20180815-17:12:27.272] thr=1   paramiko.transport: starting thread (client mode): 0x27794a8L
DEB [20180815-17:12:27.273] thr=1   paramiko.transport: Local version/idstring: SSH-2.0-paramiko_2.4.1
DEB [20180815-17:12:27.283] thr=1   paramiko.transport: Remote version/idstring: SSH-2.0-Hello 
INF [20180815-17:12:27.285] thr=1   paramiko.transport: Connected (version 2.0, client Hello)
DEB [20180815-17:12:27.293] thr=1   paramiko.transport: kex algos:[u'curve25519-sha256@libssh.org', u'ecdh-sha2-nistp256', u'ecdh-sha2-nistp384', u'diffie-hellman-group-exchange-sha256', u'diffie-hellman-group14-sha1'] server key:[u'ssh-rsa', u'ssh-dss', u'ecdsa-sha2-nistp256', u'ssh-ed25519'] client encrypt:[u'aes128-ctr', u'aes192-ctr', u'aes256-ctr', u'aes128-gcm@openssh.com', u'aes256-gcm@openssh.com', u'chacha20-poly1305@openssh.com'] server encrypt:[u'aes128-ctr', u'aes192-ctr', u'aes256-ctr', u'aes128-gcm@openssh.com', u'aes256-gcm@openssh.com', u'chacha20-poly1305@openssh.com'] client mac:[u'umac-64-etm@openssh.com', u'umac-128-etm@openssh.com', u'hmac-sha2-256-etm@openssh.com', u'hmac-sha2-512-etm@openssh.com', u'hmac-sha1-etm@openssh.com', u'umac-64@openssh.com', u'umac-128@openssh.com', u'hmac-sha2-256', u'hmac-sha2-512', u'hmac-sha1'] server mac:[u'umac-64-etm@openssh.com', u'umac-128-etm@openssh.com', u'hmac-sha2-256-etm@openssh.com', u'hmac-sha2-512-etm@openssh.com', u'hmac-sha1-etm@openssh.com', u'umac-64@openssh.com', u'umac-128@openssh.com', u'hmac-sha2-256', u'hmac-sha2-512', u'hmac-sha1'] client compress:[u'none', u'zlib@openssh.com'] server compress:[u'none', u'zlib@openssh.com'] client lang:[u''] server lang:[u''] kex follows?False
DEB [20180815-17:12:27.293] thr=1   paramiko.transport: Kex agreed: ecdh-sha2-nistp256
DEB [20180815-17:12:27.293] thr=1   paramiko.transport: HostKey agreed: ssh-ed25519
DEB [20180815-17:12:27.293] thr=1   paramiko.transport: Cipher agreed: aes128-ctr
DEB [20180815-17:12:27.293] thr=1   paramiko.transport: MAC agreed: hmac-sha2-256
DEB [20180815-17:12:27.293] thr=1   paramiko.transport: Compression agreed: none
DEB [20180815-17:12:27.368] thr=1   paramiko.transport: kex engine KexNistp256 specified hash_algo <built-in function openssl_sha256>
DEB [20180815-17:12:27.368] thr=1   paramiko.transport: Switch to new keys ...
DEB [20180815-17:12:27.371] thr=2   paramiko.transport: Adding ssh-ed25519 host key for 10.223.76.179: af72f61751babc7c7cb207d1c938b994
DEB [20180815-17:12:27.414] thr=1   paramiko.transport: userauth is OK
INF [20180815-17:12:27.428] thr=1   paramiko.transport: Authentication (password) failed.
DEB [20180815-17:12:27.529] thr=1   paramiko.transport: EOF in transport thread
DEB [20180815-17:12:40.345] thr=1   paramiko.transport: starting thread (client mode): 0x29594a8L
DEB [20180815-17:12:40.346] thr=1   paramiko.transport: Local version/idstring: SSH-2.0-paramiko_2.4.1
DEB [20180815-17:12:40.358] thr=1   paramiko.transport: Remote version/idstring: SSH-2.0-Hello 
INF [20180815-17:12:40.358] thr=1   paramiko.transport: Connected (version 2.0, client Hello)
DEB [20180815-17:12:40.365] thr=1   paramiko.transport: kex algos:[u'curve25519-sha256@libssh.org', u'ecdh-sha2-nistp256', u'ecdh-sha2-nistp384', u'diffie-hellman-group-exchange-sha256', u'diffie-hellman-group14-sha1'] server key:[u'ssh-rsa', u'ssh-dss', u'ecdsa-sha2-nistp256', u'ssh-ed25519'] client encrypt:[u'aes128-ctr', u'aes192-ctr', u'aes256-ctr', u'aes128-gcm@openssh.com', u'aes256-gcm@openssh.com', u'chacha20-poly1305@openssh.com'] server encrypt:[u'aes128-ctr', u'aes192-ctr', u'aes256-ctr', u'aes128-gcm@openssh.com', u'aes256-gcm@openssh.com', u'chacha20-poly1305@openssh.com'] client mac:[u'umac-64-etm@openssh.com', u'umac-128-etm@openssh.com', u'hmac-sha2-256-etm@openssh.com', u'hmac-sha2-512-etm@openssh.com', u'hmac-sha1-etm@openssh.com', u'umac-64@openssh.com', u'umac-128@openssh.com', u'hmac-sha2-256', u'hmac-sha2-512', u'hmac-sha1'] server mac:[u'umac-64-etm@openssh.com', u'umac-128-etm@openssh.com', u'hmac-sha2-256-etm@openssh.com', u'hmac-sha2-512-etm@openssh.com', u'hmac-sha1-etm@openssh.com', u'umac-64@openssh.com', u'umac-128@openssh.com', u'hmac-sha2-256', u'hmac-sha2-512', u'hmac-sha1'] client compress:[u'none', u'zlib@openssh.com'] server compress:[u'none', u'zlib@openssh.com'] client lang:[u''] server lang:[u''] kex follows?False
DEB [20180815-17:12:40.367] thr=1   paramiko.transport: Kex agreed: ecdh-sha2-nistp256
DEB [20180815-17:12:40.367] thr=1   paramiko.transport: HostKey agreed: ssh-ed25519
DEB [20180815-17:12:40.367] thr=1   paramiko.transport: Cipher agreed: aes128-ctr
DEB [20180815-17:12:40.367] thr=1   paramiko.transport: MAC agreed: hmac-sha2-256
DEB [20180815-17:12:40.367] thr=1   paramiko.transport: Compression agreed: none
DEB [20180815-17:12:40.444] thr=1   paramiko.transport: kex engine KexNistp256 specified hash_algo <built-in function openssl_sha256>
DEB [20180815-17:12:40.446] thr=1   paramiko.transport: Switch to new keys ...
DEB [20180815-17:12:40.447] thr=2   paramiko.transport: Adding ssh-ed25519 host key for 10.223.76.179: af72f61751babc7c7cb207d1c938b994
DEB [20180815-17:12:40.500] thr=1   paramiko.transport: userauth is OK
INF [20180815-17:12:40.516] thr=1   paramiko.transport: Authentication (password) failed.
DEB [20180815-17:12:40.615] thr=1   paramiko.transport: EOF in transport thread
DEB [20180815-17:12:59.417] thr=1   paramiko.transport: starting thread (client mode): 0x28294a8L
DEB [20180815-17:12:59.417] thr=1   paramiko.transport: Local version/idstring: SSH-2.0-paramiko_2.4.1
DEB [20180815-17:12:59.428] thr=1   paramiko.transport: Remote version/idstring: SSH-2.0-Hello 
INF [20180815-17:12:59.428] thr=1   paramiko.transport: Connected (version 2.0, client Hello)
DEB [20180815-17:12:59.447] thr=1   paramiko.transport: kex algos:[u'curve25519-sha256@libssh.org', u'ecdh-sha2-nistp256', u'ecdh-sha2-nistp384', u'diffie-hellman-group-exchange-sha256', u'diffie-hellman-group14-sha1'] server key:[u'ssh-rsa', u'ssh-dss', u'ecdsa-sha2-nistp256', u'ssh-ed25519'] client encrypt:[u'aes128-ctr', u'aes192-ctr', u'aes256-ctr', u'aes128-gcm@openssh.com', u'aes256-gcm@openssh.com', u'chacha20-poly1305@openssh.com'] server encrypt:[u'aes128-ctr', u'aes192-ctr', u'aes256-ctr', u'aes128-gcm@openssh.com', u'aes256-gcm@openssh.com', u'chacha20-poly1305@openssh.com'] client mac:[u'umac-64-etm@openssh.com', u'umac-128-etm@openssh.com', u'hmac-sha2-256-etm@openssh.com', u'hmac-sha2-512-etm@openssh.com', u'hmac-sha1-etm@openssh.com', u'umac-64@openssh.com', u'umac-128@openssh.com', u'hmac-sha2-256', u'hmac-sha2-512', u'hmac-sha1'] server mac:[u'umac-64-etm@openssh.com', u'umac-128-etm@openssh.com', u'hmac-sha2-256-etm@openssh.com', u'hmac-sha2-512-etm@openssh.com', u'hmac-sha1-etm@openssh.com', u'umac-64@openssh.com', u'umac-128@openssh.com', u'hmac-sha2-256', u'hmac-sha2-512', u'hmac-sha1'] client compress:[u'none', u'zlib@openssh.com'] server compress:[u'none', u'zlib@openssh.com'] client lang:[u''] server lang:[u''] kex follows?False
DEB [20180815-17:12:59.447] thr=1   paramiko.transport: Kex agreed: ecdh-sha2-nistp256
DEB [20180815-17:12:59.447] thr=1   paramiko.transport: HostKey agreed: ssh-ed25519
DEB [20180815-17:12:59.447] thr=1   paramiko.transport: Cipher agreed: aes128-ctr
DEB [20180815-17:12:59.447] thr=1   paramiko.transport: MAC agreed: hmac-sha2-256
DEB [20180815-17:12:59.447] thr=1   paramiko.transport: Compression agreed: none
DEB [20180815-17:12:59.522] thr=1   paramiko.transport: kex engine KexNistp256 specified hash_algo <built-in function openssl_sha256>
DEB [20180815-17:12:59.523] thr=1   paramiko.transport: Switch to new keys ...
DEB [20180815-17:12:59.525] thr=2   paramiko.transport: Adding ssh-ed25519 host key for 10.223.76.179: af72f61751babc7c7cb207d1c938b994
DEB [20180815-17:12:59.572] thr=1   paramiko.transport: userauth is OK
INF [20180815-17:12:59.586] thr=1   paramiko.transport: Authentication (password) failed.
DEB [20180815-17:12:59.687] thr=1   paramiko.transport: EOF in transport thread
DEB [20180815-17:13:13.500] thr=1   paramiko.transport: starting thread (client mode): 0x28094a8L
DEB [20180815-17:13:13.500] thr=1   paramiko.transport: Local version/idstring: SSH-2.0-paramiko_2.4.1
DEB [20180815-17:13:13.509] thr=1   paramiko.transport: Remote version/idstring: SSH-2.0-Hello 
INF [20180815-17:13:13.509] thr=1   paramiko.transport: Connected (version 2.0, client Hello)
DEB [20180815-17:13:13.520] thr=1   paramiko.transport: kex algos:[u'curve25519-sha256@libssh.org', u'ecdh-sha2-nistp256', u'ecdh-sha2-nistp384', u'diffie-hellman-group-exchange-sha256', u'diffie-hellman-group14-sha1'] server key:[u'ssh-rsa', u'ssh-dss', u'ecdsa-sha2-nistp256', u'ssh-ed25519'] client encrypt:[u'aes128-ctr', u'aes192-ctr', u'aes256-ctr', u'aes128-gcm@openssh.com', u'aes256-gcm@openssh.com', u'chacha20-poly1305@openssh.com'] server encrypt:[u'aes128-ctr', u'aes192-ctr', u'aes256-ctr', u'aes128-gcm@openssh.com', u'aes256-gcm@openssh.com', u'chacha20-poly1305@openssh.com'] client mac:[u'umac-64-etm@openssh.com', u'umac-128-etm@openssh.com', u'hmac-sha2-256-etm@openssh.com', u'hmac-sha2-512-etm@openssh.com', u'hmac-sha1-etm@openssh.com', u'umac-64@openssh.com', u'umac-128@openssh.com', u'hmac-sha2-256', u'hmac-sha2-512', u'hmac-sha1'] server mac:[u'umac-64-etm@openssh.com', u'umac-128-etm@openssh.com', u'hmac-sha2-256-etm@openssh.com', u'hmac-sha2-512-etm@openssh.com', u'hmac-sha1-etm@openssh.com', u'umac-64@openssh.com', u'umac-128@openssh.com', u'hmac-sha2-256', u'hmac-sha2-512', u'hmac-sha1'] client compress:[u'none', u'zlib@openssh.com'] server compress:[u'none', u'zlib@openssh.com'] client lang:[u''] server lang:[u''] kex follows?False
DEB [20180815-17:13:13.520] thr=1   paramiko.transport: Kex agreed: ecdh-sha2-nistp256
DEB [20180815-17:13:13.522] thr=1   paramiko.transport: HostKey agreed: ssh-ed25519
DEB [20180815-17:13:13.522] thr=1   paramiko.transport: Cipher agreed: aes128-ctr
DEB [20180815-17:13:13.522] thr=1   paramiko.transport: MAC agreed: hmac-sha2-256
DEB [20180815-17:13:13.522] thr=1   paramiko.transport: Compression agreed: none
DEB [20180815-17:13:13.596] thr=1   paramiko.transport: kex engine KexNistp256 specified hash_algo <built-in function openssl_sha256>
DEB [20180815-17:13:13.598] thr=1   paramiko.transport: Switch to new keys ...
DEB [20180815-17:13:13.598] thr=2   paramiko.transport: Adding ssh-ed25519 host key for 10.223.76.179: af72f61751babc7c7cb207d1c938b994
DEB [20180815-17:13:13.654] thr=1   paramiko.transport: userauth is OK
INF [20180815-17:13:13.678] thr=1   paramiko.transport: Authentication (password) successful!
DEB [20180815-17:13:13.707] thr=2   paramiko.transport: [chan 0] Max packet in: 32768 bytes
DEB [20180815-17:13:13.713] thr=1   paramiko.transport: [chan 0] Max packet out: 32768 bytes
DEB [20180815-17:13:13.713] thr=1   paramiko.transport: Secsh channel 0 opened.
DEB [20180815-17:13:13.720] thr=1   paramiko.transport: [chan 0] Sesch channel 0 request ok
DEB [20180815-17:13:13.750] thr=1   paramiko.transport: [chan 0] EOF received (0)
